

times in msec
 clock   self+sourced   self:  sourced script
 clock   elapsed:              other lines

000.004  000.004: --- NVIM STARTING ---
000.129  000.125: event init
000.170  000.041: early init
000.268  000.097: locale set
000.290  000.022: init first window
000.449  000.160: inits 1
000.457  000.008: window checked
000.459  000.002: parsing arguments
000.718  000.019  000.019: require('vim.shared')
000.767  000.021  000.021: require('vim.inspect')
000.792  000.018  000.018: require('vim._options')
000.793  000.072  000.034: require('vim._editor')
000.793  000.125  000.033: require('vim._init_packages')
000.795  000.211: init lua interpreter
000.901  000.106: expanding arguments
000.924  000.023: inits 2
001.107  000.183: init highlight
001.108  000.001: waiting for UI
001.286  000.178: done waiting for UI
001.300  000.014: clear screen
001.314  000.006  000.006: require('vim.keymap')
001.450  000.144: init default mappings & autocommands
002.053  000.032  000.032: sourcing /usr/share/nvim/runtime/ftplugin.vim
002.180  000.017  000.017: sourcing /usr/share/nvim/runtime/indent.vim
003.945  000.148  000.148: require('vim.lsp.log')
004.262  000.314  000.314: require('vim.lsp.protocol')
005.458  000.252  000.252: require('vim.lsp._snippet')
005.555  000.095  000.095: require('vim.highlight')
005.559  000.003  000.003: require('vim.F')
005.568  001.304  000.954: require('vim.lsp.util')
005.574  002.093  000.327: require('vim.lsp.handlers')
005.844  000.269  000.269: require('vim.lsp.rpc')
006.015  000.169  000.169: require('vim.lsp.sync')
006.275  000.258  000.258: require('vim.lsp.semantic_tokens')
006.588  000.312  000.312: require('vim.lsp.buf')
006.778  000.188  000.188: require('vim.lsp.diagnostic')
006.952  000.173  000.173: require('vim.lsp.codelens')
006.986  004.505  001.043: require('vim.lsp')
007.037  004.784  000.278: require('razorflak.remap')
007.185  000.146  000.146: require('razorflak.set')
008.451  000.141  000.141: require('packer.util')
008.475  001.088  000.948: require('packer')
008.624  000.147  000.147: require('packer.log')
008.970  000.130  000.130: require('packer.async')
009.184  000.072  000.072: require('packer.result')
009.187  000.216  000.144: require('packer.jobs')
009.192  000.558  000.213: require('packer.plugin_utils')
009.345  000.147  000.147: require('packer.snapshot')
009.448  002.262  000.321: require('razorflak.packer')
009.449  007.222  000.030: require('razorflak')
009.451  007.234  000.012: sourcing /home/razorflak/.config/nvim/init.lua
009.454  000.721: sourcing vimrc file(s)
009.955  000.008  000.008: sourcing /home/razorflak/.local/share/nvim/site/pack/packer/start/vim-fugitive/ftdetect/fugitive.vim
010.016  000.347  000.339: sourcing /usr/share/nvim/runtime/filetype.lua
010.231  000.053  000.053: sourcing /usr/share/nvim/runtime/syntax/synload.vim
010.302  000.240  000.187: sourcing /usr/share/nvim/runtime/syntax/syntax.vim
012.505  000.053  000.053: require('nvim-surround.input')
012.550  000.043  000.043: require('nvim-surround.functional')
012.556  000.413  000.318: require('nvim-surround.config')
012.560  000.543  000.130: require('nvim-surround.buffer')
012.605  000.044  000.044: require('nvim-surround.cache')
012.672  000.066  000.066: require('nvim-surround.utils')
012.675  001.584  000.930: require('nvim-surround')
013.733  000.085  000.085: require('trouble.config')
013.737  000.235  000.150: require('trouble.util')
013.807  000.069  000.069: require('trouble.providers.qf')
013.901  000.093  000.093: require('trouble.providers.telescope')
013.994  000.091  000.091: require('trouble.providers.lsp')
014.069  000.074  000.074: require('trouble.providers.diagnostic')
014.071  000.661  000.099: require('trouble.providers')
014.138  000.066  000.066: require('trouble.text')
014.195  000.056  000.056: require('trouble.folds')
014.197  000.918  000.135: require('trouble.renderer')
014.204  001.165  000.247: require('trouble.view')
014.265  000.061  000.061: require('trouble.colors')
015.190  000.903  000.903: require('vim.diagnostic')
015.218  002.364  000.235: require('trouble')
015.678  000.069  000.069: require('rose-pine.config')
015.681  000.147  000.077: require('rose-pine')
016.293  000.585  000.585: require('rose-pine.theme')
016.417  000.120  000.120: require('rose-pine.util')
016.518  000.099  000.099: require('rose-pine.palette')
018.208  002.685  001.734: sourcing /home/razorflak/.local/share/nvim/site/pack/packer/start/rose-pine/colors/rose-pine.lua
018.217  007.512  000.879: sourcing /home/razorflak/.config/nvim/plugin/packer_compiled.lua
018.497  000.117  000.117: sourcing /usr/share/nvim/runtime/plugin/gzip.vim
018.753  000.118  000.118: sourcing /usr/share/nvim/runtime/pack/dist/opt/matchit/plugin/matchit.vim
018.782  000.276  000.157: sourcing /usr/share/nvim/runtime/plugin/matchit.vim
018.893  000.104  000.104: sourcing /usr/share/nvim/runtime/plugin/matchparen.vim
019.113  000.210  000.210: sourcing /usr/share/nvim/runtime/plugin/netrwPlugin.vim
019.226  000.005  000.005: sourcing /home/razorflak/.local/share/nvim/rplugin.vim
019.232  000.102  000.097: sourcing /usr/share/nvim/runtime/plugin/rplugin.vim
019.279  000.039  000.039: sourcing /usr/share/nvim/runtime/plugin/shada.vim
019.304  000.012  000.012: sourcing /usr/share/nvim/runtime/plugin/spellfile.vim
019.388  000.074  000.074: sourcing /usr/share/nvim/runtime/plugin/tarPlugin.vim
019.455  000.049  000.049: sourcing /usr/share/nvim/runtime/plugin/tohtml.vim
019.474  000.010  000.010: sourcing /usr/share/nvim/runtime/plugin/tutor.vim
019.588  000.104  000.104: sourcing /usr/share/nvim/runtime/plugin/zipPlugin.vim
019.631  000.027  000.027: sourcing /usr/share/nvim/runtime/plugin/editorconfig.lua
019.674  000.031  000.031: sourcing /usr/share/nvim/runtime/plugin/man.lua
019.707  000.023  000.023: sourcing /usr/share/nvim/runtime/plugin/nvim.lua
019.718  000.985: loading rtp plugins
020.791  000.032  000.032: require('Comment.config')
021.039  000.104  000.104: require('Comment.ft')
021.043  000.250  000.147: require('Comment.utils')
021.117  000.073  000.073: require('Comment.opfunc')
021.162  000.043  000.043: require('Comment.extra')
021.164  001.181  000.783: require('Comment.api')
021.225  001.266  000.085: sourcing /home/razorflak/.local/share/nvim/site/pack/packer/start/Comment.nvim/plugin/Comment.lua
021.296  000.018  000.018: sourcing /home/razorflak/.local/share/nvim/site/pack/packer/start/LuaSnip/plugin/luasnip.vim
021.820  000.470  000.470: require('vim.filetype')
022.051  000.020  000.020: require('luasnip.util.types')
022.108  000.056  000.056: require('luasnip.util.ext_opts')
022.397  000.027  000.027: require('luasnip.session')
022.668  000.520  000.493: require('luasnip.util.util')
022.670  000.561  000.040: require('luasnip.extras.filetype_functions')
022.702  000.800  000.163: require('luasnip.config')
023.159  000.041  000.041: require('luasnip.session.snippet_collection.source')
023.163  000.161  000.121: require('luasnip.session.snippet_collection')
023.486  000.247  000.247: require('luasnip.util._builtin_vars')
023.516  000.352  000.105: require('luasnip.util.environ')
023.574  000.056  000.056: require('luasnip.util.extend_decorator')
023.729  000.049  000.049: require('luasnip.loaders._caches')
023.977  000.123  000.123: require('luasnip.util.path')
023.982  000.249  000.127: require('luasnip.loaders.util')
023.996  000.419  000.121: require('luasnip.loaders')
024.190  000.188  000.188: require('luasnip.util.log')
024.213  001.507  000.331: require('luasnip')
024.250  002.945  000.168: sourcing /home/razorflak/.local/share/nvim/site/pack/packer/start/LuaSnip/plugin/luasnip.lua
025.071  000.064  000.064: sourcing /home/razorflak/.local/share/nvim/site/pack/packer/start/ale/autoload/ale/events.vim
025.149  000.823  000.759: sourcing /home/razorflak/.local/share/nvim/site/pack/packer/start/ale/plugin/ale.vim
025.820  000.127  000.127: require('nvim-treesitter.utils')
027.528  000.106  000.106: require('vim.treesitter.language')
027.539  000.461  000.355: require('vim.treesitter.query')
027.652  000.112  000.112: require('vim.treesitter._range')
027.657  000.934  000.361: require('vim.treesitter.languagetree')
027.676  001.166  000.232: require('vim.treesitter')
028.086  002.263  001.097: require('nvim-treesitter.parsers')
028.901  000.080  000.080: require('nvim-treesitter.compat')
029.327  000.271  000.271: require('nvim-treesitter.ts_utils')
029.330  000.427  000.156: require('nvim-treesitter.tsrange')
029.424  000.092  000.092: require('nvim-treesitter.caching')
029.433  000.850  000.251: require('nvim-treesitter.query')
029.449  001.197  000.347: require('nvim-treesitter.configs')
029.454  001.367  000.169: require('nvim-treesitter.info')
029.602  000.147  000.147: require('nvim-treesitter.shell_command_selectors')
029.615  004.297  000.394: require('nvim-treesitter.install')
029.677  000.061  000.061: require('nvim-treesitter.statusline')
029.783  000.105  000.105: require('nvim-treesitter.query_predicates')
029.784  004.531  000.068: require('nvim-treesitter')
029.796  004.577  000.046: sourcing /home/razorflak/.local/share/nvim/site/pack/packer/start/cellular-automaton.nvim/plugin/cellular-automaton.lua
030.264  000.014  000.014: sourcing /home/razorflak/.local/share/nvim/site/pack/packer/start/codeium.vim/autoload/codeium/util.vim
030.711  000.198  000.198: sourcing /home/razorflak/.local/share/nvim/site/pack/packer/start/codeium.vim/autoload/codeium.vim
030.937  000.125  000.125: sourcing /home/razorflak/.local/share/nvim/site/pack/packer/start/codeium.vim/autoload/codeium/command.vim
031.010  001.097  000.760: sourcing /home/razorflak/.local/share/nvim/site/pack/packer/start/codeium.vim/plugin/codeium.vim
031.240  000.054  000.054: require('diffview.lazy')
031.644  000.008  000.008: require('ffi')
031.652  000.053  000.045: require('diffview.ffi')
031.730  000.077  000.077: require('diffview.oop')
031.740  000.315  000.185: require('diffview.async')
031.792  000.036  000.036: require('diffview.mock')
031.799  000.542  000.191: require('diffview.logger')
031.916  000.109  000.109: require('diffview.control')
032.016  000.091  000.091: require('diffview.events')
032.020  000.890  000.093: require('diffview.bootstrap')
032.034  000.951  000.061: sourcing /home/razorflak/.local/share/nvim/site/pack/packer/start/diffview.nvim/plugin/diffview.lua
032.274  000.179  000.179: sourcing /home/razorflak/.local/share/nvim/site/pack/packer/start/leap.nvim/plugin/init.lua
032.340  000.017  000.017: sourcing /home/razorflak/.local/share/nvim/site/pack/packer/start/lsp-zero.nvim/plugin/lsp-zero.vim
032.586  000.084  000.084: require('cmp.utils.api')
032.679  000.052  000.052: require('cmp.types.cmp')
032.886  000.113  000.113: require('cmp.utils.misc')
032.916  000.235  000.122: require('cmp.types.lsp')
032.960  000.043  000.043: require('cmp.types.vim')
032.961  000.373  000.043: require('cmp.types')
033.011  000.049  000.049: require('cmp.utils.highlight')
033.106  000.040  000.040: require('cmp.utils.debug')
033.112  000.100  000.059: require('cmp.utils.autocmd')
033.258  000.810  000.204: sourcing /home/razorflak/.local/share/nvim/site/pack/packer/start/nvim-cmp/plugin/cmp.lua
033.593  000.179  000.179: require('vim.version')
034.347  001.020  000.842: sourcing /home/razorflak/.local/share/nvim/site/pack/packer/start/nvim-lspconfig/plugin/lspconfig.lua
034.795  000.283  000.283: sourcing /home/razorflak/.local/share/nvim/site/pack/packer/start/nvim-treesitter/plugin/nvim-treesitter.lua
035.043  000.055  000.055: require('treesitter-context.config')
035.051  000.200  000.145: require('treesitter-context')
035.092  000.248  000.048: sourcing /home/razorflak/.local/share/nvim/site/pack/packer/start/nvim-treesitter-context/plugin/treesitter-context.lua
035.227  000.066  000.066: require('nvim-treesitter-playground')
035.259  000.115  000.049: sourcing /home/razorflak/.local/share/nvim/site/pack/packer/start/playground/plugin/nvim-treesitter-playground.lua
035.320  000.023  000.023: sourcing /home/razorflak/.local/share/nvim/site/pack/packer/start/plenary.nvim/plugin/plenary.vim
035.462  000.090  000.090: require('refactoring.command')
035.471  000.116  000.026: sourcing /home/razorflak/.local/share/nvim/site/pack/packer/start/refactoring.nvim/plugin/command.lua
035.682  000.153  000.153: sourcing /home/razorflak/.local/share/nvim/site/pack/packer/start/telescope.nvim/plugin/telescope.lua
035.756  000.037  000.037: sourcing /home/razorflak/.local/share/nvim/site/pack/packer/start/trouble.nvim/plugin/trouble.vim
035.897  000.105  000.105: sourcing /home/razorflak/.local/share/nvim/site/pack/packer/start/undotree/plugin/undotree.vim
036.635  000.700  000.700: sourcing /home/razorflak/.local/share/nvim/site/pack/packer/start/vim-fugitive/plugin/fugitive.vim
036.778  000.097  000.097: sourcing /home/razorflak/.local/share/nvim/site/pack/packer/start/vim-tmux-navigator/plugin/tmux_navigator.vim
036.828  000.011  000.011: sourcing /home/razorflak/.local/share/nvim/site/pack/packer/start/zen-mode.nvim/plugin/zen-mode.vim
036.898  001.587: loading packages
037.581  000.105  000.105: require('cmp.utils.char')
037.586  000.234  000.129: require('cmp.utils.str')
037.838  000.044  000.044: require('cmp.utils.buffer')
037.841  000.183  000.139: require('cmp.utils.keymap')
037.843  000.256  000.073: require('cmp.utils.feedkeys')
038.211  000.102  000.102: require('cmp.config.mapping')
038.263  000.050  000.050: require('cmp.utils.cache')
038.476  000.140  000.140: require('cmp.config.compare')
038.478  000.214  000.074: require('cmp.config.default')
038.486  000.497  000.131: require('cmp.config')
038.494  000.650  000.153: require('cmp.utils.async')
038.616  000.047  000.047: require('cmp.utils.pattern')
038.618  000.123  000.076: require('cmp.context')
039.193  000.124  000.124: require('cmp.matcher')
039.197  000.407  000.282: require('cmp.entry')
039.201  000.582  000.175: require('cmp.source')
039.387  000.060  000.060: require('cmp.utils.event')
039.670  000.045  000.045: require('cmp.utils.options')
039.673  000.192  000.147: require('cmp.utils.window')
039.675  000.286  000.094: require('cmp.view.docs_view')
039.906  000.231  000.231: require('cmp.view.custom_entries_view')
040.052  000.144  000.144: require('cmp.view.wildmenu_entries_view')
040.157  000.103  000.103: require('cmp.view.native_entries_view')
040.249  000.091  000.091: require('cmp.view.ghost_text_view')
040.255  001.053  000.137: require('cmp.view')
040.340  003.229  000.332: require('cmp.core')
040.470  000.053  000.053: require('cmp.config.sources')
040.517  000.045  000.045: require('cmp.config.window')
040.548  003.609  000.282: require('cmp')
040.804  000.043  000.043: require('cmp_buffer.timer')
040.807  000.167  000.123: require('cmp_buffer.buffer')
040.810  000.238  000.071: require('cmp_buffer.source')
040.812  000.262  000.024: require('cmp_buffer')
040.822  003.892  000.021: sourcing /home/razorflak/.local/share/nvim/site/pack/packer/start/cmp-buffer/after/plugin/cmp_buffer.lua
041.029  000.070  000.070: require('cmp_nvim_lsp.source')
041.032  000.149  000.079: require('cmp_nvim_lsp')
041.041  000.166  000.017: sourcing /home/razorflak/.local/share/nvim/site/pack/packer/start/cmp-nvim-lsp/after/plugin/cmp_nvim_lsp.lua
041.148  000.061  000.061: require('cmp_nvim_lua')
041.162  000.084  000.022: sourcing /home/razorflak/.local/share/nvim/site/pack/packer/start/cmp-nvim-lua/after/plugin/cmp_nvim_lua.lua
041.335  000.130  000.130: require('cmp_path')
041.344  000.146  000.016: sourcing /home/razorflak/.local/share/nvim/site/pack/packer/start/cmp-path/after/plugin/cmp_path.lua
041.505  000.096  000.096: require('cmp_luasnip')
041.527  000.133  000.037: sourcing /home/razorflak/.local/share/nvim/site/pack/packer/start/cmp_luasnip/after/plugin/cmp_luasnip.lua
041.672  000.020  000.020: sourcing /home/razorflak/.config/nvim/after/plugin/javascript.vim
041.686  000.003  000.003: sourcing /home/razorflak/.config/nvim/after/plugin/prettier.vim
041.786  000.086  000.086: require('autoclose')
041.897  000.202  000.116: sourcing /home/razorflak/.config/nvim/after/plugin/autoclose.lua
041.925  000.015  000.015: sourcing /home/razorflak/.config/nvim/after/plugin/fugitive.lua
044.493  002.096  002.096: require('lsp_signature.helper')
044.606  002.645  000.548: require('lsp_signature')
044.638  002.703  000.059: sourcing /home/razorflak/.config/nvim/after/plugin/func_signature.lua
045.913  000.204  000.204: require('plenary.bit')
046.004  000.088  000.088: require('plenary.functional')
046.033  000.891  000.599: require('plenary.path')
046.399  000.300  000.300: require('plenary.job')
046.401  000.367  000.068: require('harpoon.utils')
046.675  000.214  000.214: require('plenary.log')
046.698  000.295  000.081: require('harpoon.dev')
046.919  001.951  000.398: require('harpoon')
046.930  002.233  000.282: require('harpoon.mark')
047.646  000.139  000.139: require('plenary.strings')
047.648  000.321  000.183: require('plenary.window.border')
047.707  000.058  000.058: require('plenary.window')
047.769  000.061  000.061: require('plenary.popup.utils')
047.771  000.668  000.228: require('plenary.popup')
047.775  000.844  000.177: require('harpoon.ui')
047.821  003.156  000.078: sourcing /home/razorflak/.config/nvim/after/plugin/harpoon.lua
047.915  000.069  000.069: require('leap')
048.092  000.175  000.175: require('leap.user')
048.303  000.465  000.221: sourcing /home/razorflak/.config/nvim/after/plugin/leap.lua
048.865  000.093  000.093: require('lsp-zero.presets')
049.306  000.036  000.036: require('lsp-zero.settings')
049.318  000.452  000.416: require('lsp-zero.server')
049.338  000.928  000.383: require('lsp-zero')
049.646  000.221  000.221: require('lsp-zero.installer')
049.814  000.082  000.082: require('mason-core.path')
050.185  000.188  000.188: require('mason-core.functional')
050.318  000.039  000.039: require('mason-core.functional.data')
050.321  000.125  000.086: require('mason-core.functional.function')
050.384  000.054  000.054: require('mason-core.functional.relation')
050.439  000.051  000.051: require('mason-core.functional.logic')
050.448  000.632  000.214: require('mason-core.platform')
050.511  000.063  000.063: require('mason.settings')
050.513  000.865  000.089: require('mason')
050.731  000.117  000.117: require('mason-core.log')
050.770  000.038  000.038: require('mason-lspconfig.settings')
050.772  000.259  000.104: require('mason-lspconfig')
051.002  000.103  000.103: require('lsp-zero.nvim-cmp-setup')
051.622  000.210  000.210: require('luasnip.util.jsonc')
051.627  000.392  000.182: require('luasnip.loaders.from_vscode')
053.474  000.016  000.016: require('luasnip.nodes.key_indexer')
053.477  000.085  000.069: require('luasnip.nodes.util')
053.497  000.019  000.019: require('luasnip.util.events')
053.503  000.272  000.169: require('luasnip.nodes.node')
053.610  000.106  000.106: require('luasnip.nodes.insertNode')
053.648  000.037  000.037: require('luasnip.nodes.textNode')
053.717  000.068  000.068: require('luasnip.util.mark')
053.764  000.045  000.045: require('luasnip.util.pattern_tokenizer')
053.793  000.028  000.028: require('luasnip.util.dict')
053.830  000.036  000.036: require('luasnip.nodes.util.trig_engines')
053.846  000.965  000.372: require('luasnip.nodes.snippet')
053.848  001.018  000.053: require('luasnip.nodes.duplicate')
054.226  000.056  000.056: require('luasnip.util.parser.neovim_ast')
054.281  000.053  000.053: require('luasnip.util.str')
054.328  000.046  000.046: require('luasnip.util.directed_graph')
054.331  000.275  000.120: require('luasnip.util.parser.ast_utils')
054.458  000.126  000.126: require('luasnip.nodes.functionNode')
054.627  000.167  000.167: require('luasnip.nodes.choiceNode')
054.773  000.144  000.144: require('luasnip.nodes.dynamicNode')
054.803  000.029  000.029: require('luasnip.util.functions')
054.806  000.850  000.110: require('luasnip.util.parser.ast_parser')
054.958  000.151  000.151: require('luasnip.util.parser.neovim_parser')
054.962  001.059  000.057: require('luasnip.util.parser')
054.964  001.110  000.051: require('luasnip.nodes.snippetProxy')
055.011  000.046  000.046: require('luasnip.nodes.multiSnippet')
056.541  005.523  002.957: require('lsp-zero.snippets')
059.044  000.212  000.212: require('mason-core.functional.list')
059.181  000.131  000.131: require('mason-core.functional.string')
059.210  000.612  000.268: require('mason.api.command')
059.374  000.140  000.140: require('mason-registry.sources')
059.801  000.053  000.053: require('mason-lspconfig.notify')
059.806  000.187  000.134: require('mason-lspconfig.lspconfig_hook')
060.044  000.237  000.237: require('lspconfig.util')
060.219  000.069  000.069: require('mason-core.functional.table')
060.232  000.186  000.117: require('mason-lspconfig.mappings.server')
060.422  000.072  000.072: require('mason-core.EventEmitter')
060.492  000.068  000.068: require('mason-core.optional')
060.713  000.112  000.112: require('mason-core.async')
060.755  000.040  000.040: require('mason-core.async.uv')
060.758  000.265  000.112: require('mason-core.fs')
060.774  000.541  000.135: require('mason-registry')
060.817  000.041  000.041: require('mason-lspconfig.server_config_extensions')
061.136  000.079  000.079: require('lspconfig.async')
061.140  000.322  000.243: require('lspconfig.configs')
061.220  000.079  000.079: require('lspconfig.server_configurations.omnisharp')
061.478  000.053  000.053: require('mason-core.functional.number')
061.497  000.210  000.157: require('mason-lspconfig.api.command')
061.627  000.055  000.055: require('lsp-zero.utils')
061.631  000.132  000.077: require('lsp-zero.state')
061.912  000.089  000.089: require('lspconfig')
061.971  000.056  000.056: require('lspconfig.server_configurations.tsserver')
062.394  000.164  000.164: require('lspconfig.manager')
062.457  000.054  000.054: require('lspconfig.server_configurations.svelte')
062.801  000.106  000.106: require('lspconfig.server_configurations.eslint')
063.147  000.061  000.061: require('mason-lspconfig.ensure_installed')
063.380  000.117  000.117: require('mason-core.result')
063.734  000.172  000.172: require('mason-core.process')
063.857  000.121  000.121: require('mason-core.spawn')
063.860  000.355  000.063: require('mason-core.managers.powershell')
063.917  000.046  000.046: require('mason.version')
063.919  000.537  000.136: require('mason-core.fetch')
063.995  000.074  000.074: require('mason-core.providers')
064.475  000.236  000.236: require('mason-core.purl')
064.488  000.438  000.202: require('mason-core.package')
064.973  000.136  000.136: require('mason-core.installer.registry.expr')
064.984  000.337  000.200: require('mason-core.installer.registry.link')
065.766  000.101  000.101: require('mason-core.receipt')
065.782  000.346  000.245: require('mason-core.installer.context')
065.897  000.114  000.114: require('mason-core.async.control')
066.019  000.119  000.119: require('mason-core.installer.linker')
066.022  000.783  000.204: require('mason-core.installer')
066.039  000.967  000.184: require('mason-core.installer.managers.std')
066.041  001.056  000.089: require('mason-core.installer.registry.schemas')
066.123  000.081  000.081: require('mason-core.installer.registry.util')
066.131  001.641  000.168: require('mason-core.installer.registry')
066.133  002.137  000.058: require('mason-registry.sources.util')
066.144  002.991  000.126: require('mason-registry.sources.github')
069.215  020.894  006.789: sourcing /home/razorflak/.config/nvim/after/plugin/lsp.lua
069.686  000.088  000.088: require('lualine_require')
069.910  000.648  000.560: require('lualine')
071.324  000.061  000.061: require('lualine.utils.mode')
072.783  003.546  002.836: sourcing /home/razorflak/.config/nvim/after/plugin/lualine.lua
073.348  000.201  000.201: require('nvim-navic.lib')
073.746  000.109  000.109: require('nui.object')
074.034  000.190  000.190: require('nui.utils')
074.043  000.295  000.105: require('nui.text')
074.060  000.495  000.091: require('nui.line')
074.596  000.352  000.352: require('nui.popup.border')
074.653  000.055  000.055: require('nui.utils.buf_storage')
074.976  000.322  000.322: require('nui.utils.autocmd')
075.134  000.156  000.156: require('nui.utils.keymap')
075.296  000.161  000.161: require('nui.layout.utils')
075.315  001.254  000.208: require('nui.popup')
075.710  000.073  000.073: require('nui.tree.util')
075.726  000.410  000.337: require('nui.tree')
075.745  002.395  000.236: require('nui.menu')
077.082  000.176  000.176: require('nui.split.utils')
077.109  000.559  000.384: require('nui.split')
077.271  000.161  000.161: require('nui.layout.float')
077.442  000.171  000.171: require('nui.layout.split')
077.462  001.345  000.454: require('nui.layout')
077.588  000.125  000.125: require('nvim-navbuddy.ui')
077.591  001.830  000.361: require('nvim-navbuddy.display')
077.969  000.377  000.377: require('nvim-navbuddy.actions')
077.977  005.074  000.271: require('nvim-navbuddy')
078.061  005.255  000.181: sourcing /home/razorflak/.config/nvim/after/plugin/navbuddy.lua
078.846  000.059  000.059: require('plenary.tbl')
078.849  000.141  000.082: require('plenary.vararg.rotate')
078.850  000.188  000.047: require('plenary.vararg')
078.931  000.080  000.080: require('plenary.errors')
078.936  000.355  000.088: require('plenary.async.async')
079.025  000.087  000.087: require('plenary.async.structs')
079.031  000.564  000.122: require('plenary.async.control')
080.107  000.110  000.110: require('telescope.deprecated')
080.594  000.122  000.122: require('telescope.log')
080.964  000.069  000.069: require('telescope.state')
080.970  000.373  000.304: require('telescope.utils')
080.974  000.864  000.370: require('telescope.sorters')
081.777  002.114  001.139: require('telescope.config')
081.902  000.122  000.122: require('telescope.pickers.scroller')
081.977  000.072  000.072: require('telescope.actions.state')
082.072  000.094  000.094: require('telescope.actions.utils')
082.310  000.117  000.117: require('telescope.actions.mt')
082.318  000.245  000.128: require('telescope.actions.set')
082.546  000.112  000.112: require('telescope.config.resolve')
082.548  000.230  000.117: require('telescope.pickers.entry_display')
082.610  000.060  000.060: require('telescope.from_entry')
082.680  003.647  000.710: require('telescope.actions')
083.287  000.497  000.497: require('telescope.make_entry')
083.615  000.090  000.090: require('plenary.async.util')
083.617  000.148  000.059: require('plenary.async.tests')
083.619  000.238  000.089: require('plenary.async')
083.620  000.331  000.093: require('telescope.finders.async_static_finder')
083.925  000.083  000.083: require('plenary.class')
083.935  000.235  000.151: require('telescope._')
083.936  000.315  000.081: require('telescope.finders.async_oneshot_finder')
084.014  000.077  000.077: require('telescope.finders.async_job_finder')
084.017  001.336  000.116: require('telescope.finders')
084.741  000.070  000.070: require('telescope._extensions')
084.744  000.161  000.091: require('telescope')
084.850  000.104  000.104: require('telescope.debounce')
085.010  000.159  000.159: require('telescope.mappings')
085.114  000.101  000.101: require('telescope.pickers.highlights')
085.179  000.064  000.064: require('telescope.pickers.window')
085.397  000.116  000.116: require('telescope.algos.linked_list')
085.400  000.220  000.104: require('telescope.entry_manager')
085.471  000.070  000.070: require('telescope.pickers.multi')
085.480  001.462  000.583: require('telescope.pickers')
085.485  007.235  000.226: require('telescope.builtin.__lsp')
085.492  007.400  000.164: require('telescope.builtin')
085.520  007.439  000.040: sourcing /home/razorflak/.config/nvim/after/plugin/telescope.lua
086.661  000.076  000.076: require('nvim-treesitter.highlight')
086.721  001.181  001.106: sourcing /home/razorflak/.config/nvim/after/plugin/treesitter.lua
086.757  000.018  000.018: sourcing /home/razorflak/.config/nvim/after/plugin/undotree.lua
086.760  000.543: loading after plugins
086.771  000.011: inits 3
088.138  001.367: reading ShaDa
088.374  000.126  000.126: require('luasnip.loaders.from_lua')
088.508  000.117  000.117: require('luasnip.loaders.from_snipmate')
088.669  000.095  000.095: sourcing /home/razorflak/.local/share/nvim/site/pack/packer/start/ale/autoload/ale.vim
088.731  000.254: opening buffers
088.804  000.073: BufEnter autocommands
088.806  000.002: editing files in windows
088.951  000.115  000.115: require('mason-core.terminator')
091.347  000.107  000.107: sourcing /home/razorflak/.local/share/nvim/site/pack/packer/start/codeium.vim/autoload/codeium/server.vim
095.817  000.064  000.064: sourcing /home/razorflak/.local/share/nvim/site/pack/packer/start/codeium.vim/autoload/codeium/log.vim
099.303  000.086  000.086: require('mason-core.functional.type')


times in msec
 clock   self+sourced   self:  sourced script
 clock   elapsed:              other lines

000.003  000.003: --- NVIM STARTING ---
000.121  000.118: event init
000.169  000.049: early init
000.269  000.100: locale set
000.296  000.027: init first window
000.497  000.201: inits 1
000.503  000.006: window checked
000.506  000.003: parsing arguments
000.777  000.019  000.019: require('vim.shared')
000.825  000.021  000.021: require('vim.inspect')
000.850  000.017  000.017: require('vim._options')
000.851  000.072  000.033: require('vim._editor')
000.851  000.125  000.033: require('vim._init_packages')
000.853  000.223: init lua interpreter
001.124  000.271: expanding arguments
001.148  000.024: inits 2
001.344  000.196: init highlight
