1756383909.562411 client started (37381): version 3.5a, socket /private/tmp/tmux-120415822/default, protocol 8
1756383909.562484 on Darwin 24.6.0 Darwin Kernel Version 24.6.0: Mon Jul 14 11:30:51 PDT 2025; root:xnu-11417.140.69~1/RELEASE_ARM64_T8112
1756383909.562505 using libevent 2.1.12-stable select
1756383909.562548 using utf8proc 2.10.0
1756383909.562558 using ncurses 6.5 20240427
1756383909.562584 flags are 0x10010000
1756383909.562599 socket is /private/tmp/tmux-120415822/default
1756383909.562617 trying connect
1756383909.562692 add peer 0x138048000: 6 (0x0)
1756383909.566239 sending message 111 to peer 0x138048000 (8 bytes)
1756383909.566254 sending message 111 to peer 0x138048000 (8 bytes)
1756383909.566262 sending message 101 to peer 0x138048000 (16 bytes)
1756383909.566269 sending message 109 to peer 0x138048000 (4 bytes)
1756383909.566275 sending message 102 to peer 0x138048000 (13 bytes)
1756383909.566282 sending message 108 to peer 0x138048000 (35 bytes)
1756383909.566289 sending message 112 to peer 0x138048000 (70 bytes)
1756383909.566296 sending message 112 to peer 0x138048000 (5 bytes)
1756383909.566302 sending message 112 to peer 0x138048000 (5 bytes)
1756383909.566308 sending message 112 to peer 0x138048000 (6 bytes)
1756383909.566315 sending message 112 to peer 0x138048000 (6 bytes)
1756383909.566321 sending message 112 to peer 0x138048000 (11 bytes)
1756383909.566328 sending message 112 to peer 0x138048000 (10 bytes)
1756383909.566334 sending message 112 to peer 0x138048000 (13 bytes)
1756383909.566340 sending message 112 to peer 0x138048000 (13 bytes)
1756383909.566346 sending message 112 to peer 0x138048000 (18 bytes)
1756383909.566353 sending message 112 to peer 0x138048000 (11 bytes)
1756383909.566359 sending message 112 to peer 0x138048000 (21 bytes)
1756383909.566365 sending message 112 to peer 0x138048000 (13 bytes)
1756383909.566372 sending message 112 to peer 0x138048000 (7 bytes)
1756383909.566378 sending message 112 to peer 0x138048000 (13 bytes)
1756383909.566384 sending message 112 to peer 0x138048000 (7 bytes)
1756383909.566390 sending message 112 to peer 0x138048000 (13 bytes)
1756383909.566397 sending message 112 to peer 0x138048000 (9 bytes)
1756383909.566403 sending message 112 to peer 0x138048000 (21 bytes)
1756383909.566409 sending message 112 to peer 0x138048000 (13 bytes)
1756383909.566416 sending message 112 to peer 0x138048000 (8 bytes)
1756383909.566422 sending message 112 to peer 0x138048000 (12 bytes)
1756383909.566428 sending message 112 to peer 0x138048000 (13 bytes)
1756383909.566434 sending message 112 to peer 0x138048000 (9 bytes)
1756383909.566440 sending message 112 to peer 0x138048000 (9 bytes)
1756383909.566447 sending message 112 to peer 0x138048000 (12 bytes)
1756383909.566453 sending message 112 to peer 0x138048000 (8 bytes)
1756383909.566459 sending message 112 to peer 0x138048000 (7 bytes)
1756383909.566465 sending message 112 to peer 0x138048000 (7 bytes)
1756383909.566472 sending message 112 to peer 0x138048000 (9 bytes)
1756383909.566478 sending message 112 to peer 0x138048000 (13 bytes)
1756383909.566484 sending message 112 to peer 0x138048000 (9 bytes)
1756383909.566490 sending message 112 to peer 0x138048000 (15 bytes)
1756383909.566497 sending message 112 to peer 0x138048000 (13 bytes)
1756383909.566503 sending message 112 to peer 0x138048000 (12 bytes)
1756383909.566509 sending message 112 to peer 0x138048000 (8 bytes)
1756383909.566515 sending message 112 to peer 0x138048000 (14 bytes)
1756383909.566521 sending message 112 to peer 0x138048000 (9 bytes)
1756383909.566528 sending message 112 to peer 0x138048000 (10 bytes)
1756383909.566534 sending message 112 to peer 0x138048000 (10 bytes)
1756383909.566540 sending message 112 to peer 0x138048000 (10 bytes)
1756383909.566546 sending message 112 to peer 0x138048000 (10 bytes)
1756383909.566552 sending message 112 to peer 0x138048000 (11 bytes)
1756383909.566558 sending message 112 to peer 0x138048000 (10 bytes)
1756383909.566565 sending message 112 to peer 0x138048000 (8 bytes)
1756383909.566571 sending message 112 to peer 0x138048000 (11 bytes)
1756383909.566589 sending message 112 to peer 0x138048000 (11 bytes)
1756383909.566594 sending message 112 to peer 0x138048000 (11 bytes)
1756383909.566598 sending message 112 to peer 0x138048000 (8 bytes)
1756383909.566603 sending message 112 to peer 0x138048000 (8 bytes)
1756383909.566607 sending message 112 to peer 0x138048000 (8 bytes)
1756383909.566612 sending message 112 to peer 0x138048000 (10 bytes)
1756383909.566616 sending message 112 to peer 0x138048000 (10 bytes)
1756383909.566620 sending message 112 to peer 0x138048000 (10 bytes)
1756383909.566624 sending message 112 to peer 0x138048000 (10 bytes)
1756383909.566629 sending message 112 to peer 0x138048000 (10 bytes)
1756383909.566633 sending message 112 to peer 0x138048000 (11 bytes)
1756383909.566637 sending message 112 to peer 0x138048000 (11 bytes)
1756383909.566642 sending message 112 to peer 0x138048000 (10 bytes)
1756383909.566646 sending message 112 to peer 0x138048000 (9 bytes)
1756383909.566650 sending message 112 to peer 0x138048000 (9 bytes)
1756383909.566654 sending message 112 to peer 0x138048000 (12 bytes)
1756383909.566659 sending message 112 to peer 0x138048000 (9 bytes)
1756383909.566663 sending message 112 to peer 0x138048000 (6 bytes)
1756383909.566667 sending message 112 to peer 0x138048000 (13 bytes)
1756383909.566672 sending message 112 to peer 0x138048000 (8 bytes)
1756383909.566676 sending message 112 to peer 0x138048000 (15 bytes)
1756383909.566680 sending message 112 to peer 0x138048000 (13 bytes)
1756383909.566684 sending message 112 to peer 0x138048000 (70 bytes)
1756383909.566689 sending message 112 to peer 0x138048000 (69 bytes)
1756383909.566693 sending message 112 to peer 0x138048000 (10 bytes)
1756383909.566697 sending message 112 to peer 0x138048000 (8 bytes)
1756383909.566701 sending message 112 to peer 0x138048000 (15 bytes)
1756383909.566706 sending message 112 to peer 0x138048000 (13 bytes)
1756383909.566710 sending message 112 to peer 0x138048000 (10 bytes)
1756383909.566714 sending message 112 to peer 0x138048000 (10 bytes)
1756383909.566718 sending message 112 to peer 0x138048000 (5 bytes)
1756383909.566723 sending message 112 to peer 0x138048000 (15 bytes)
1756383909.566729 sending message 104 to peer 0x138048000 (0 bytes)
1756383909.566735 sending message 110 to peer 0x138048000 (0 bytes)
1756383909.566739 sending message 107 to peer 0x138048000 (4 bytes)
1756383909.566743 sending message 105 to peer 0x138048000 (20 bytes)
1756383909.566748 sending message 105 to peer 0x138048000 (22 bytes)
1756383909.566752 sending message 105 to peer 0x138048000 (57 bytes)
1756383909.566756 sending message 105 to peer 0x138048000 (75 bytes)
1756383909.566761 sending message 105 to peer 0x138048000 (36 bytes)
1756383909.566765 sending message 105 to peer 0x138048000 (27 bytes)
1756383909.566770 sending message 105 to peer 0x138048000 (78 bytes)
1756383909.566774 sending message 105 to peer 0x138048000 (17 bytes)
1756383909.566778 sending message 105 to peer 0x138048000 (8 bytes)
1756383909.566782 sending message 105 to peer 0x138048000 (23 bytes)
1756383909.566787 sending message 105 to peer 0x138048000 (32 bytes)
1756383909.566791 sending message 105 to peer 0x138048000 (96 bytes)
1756383909.566796 sending message 105 to peer 0x138048000 (54 bytes)
1756383909.566801 sending message 105 to peer 0x138048000 (105 bytes)
1756383909.566805 sending message 105 to peer 0x138048000 (29 bytes)
1756383909.566809 sending message 105 to peer 0x138048000 (12 bytes)
1756383909.566814 sending message 105 to peer 0x138048000 (11 bytes)
1756383909.566818 sending message 105 to peer 0x138048000 (865 bytes)
1756383909.566823 sending message 105 to peer 0x138048000 (39 bytes)
1756383909.566827 sending message 105 to peer 0x138048000 (24 bytes)
1756383909.566831 sending message 105 to peer 0x138048000 (15 bytes)
1756383909.566836 sending message 105 to peer 0x138048000 (8 bytes)
1756383909.566840 sending message 105 to peer 0x138048000 (108 bytes)
1756383909.566844 sending message 105 to peer 0x138048000 (21 bytes)
1756383909.566857 sending message 105 to peer 0x138048000 (63 bytes)
1756383909.566862 sending message 105 to peer 0x138048000 (18 bytes)
1756383909.566866 sending message 105 to peer 0x138048000 (26 bytes)
1756383909.566871 sending message 105 to peer 0x138048000 (57 bytes)
1756383909.566875 sending message 105 to peer 0x138048000 (48 bytes)
1756383909.566879 sending message 105 to peer 0x138048000 (13 bytes)
1756383909.566884 sending message 105 to peer 0x138048000 (62 bytes)
1756383909.566888 sending message 105 to peer 0x138048000 (20 bytes)
1756383909.566892 sending message 105 to peer 0x138048000 (41 bytes)
1756383909.566896 sending message 105 to peer 0x138048000 (40 bytes)
1756383909.566901 sending message 105 to peer 0x138048000 (98 bytes)
1756383909.566905 sending message 105 to peer 0x138048000 (14 bytes)
1756383909.566909 sending message 105 to peer 0x138048000 (19 bytes)
1756383909.566913 sending message 105 to peer 0x138048000 (37 bytes)
1756383909.566917 sending message 105 to peer 0x138048000 (26 bytes)
1756383909.566922 sending message 105 to peer 0x138048000 (22 bytes)
1756383909.566926 sending message 105 to peer 0x138048000 (43 bytes)
1756383909.566930 sending message 105 to peer 0x138048000 (32 bytes)
1756383909.566935 sending message 105 to peer 0x138048000 (115 bytes)
1756383909.566940 sending message 105 to peer 0x138048000 (70 bytes)
1756383909.566944 sending message 105 to peer 0x138048000 (10 bytes)
1756383909.566948 sending message 105 to peer 0x138048000 (25 bytes)
1756383909.566952 sending message 106 to peer 0x138048000 (0 bytes)
1756383909.567017 sending message 200 to peer 0x138048000 (4 bytes)
1756383909.567024 client loop enter
1756383909.567210 peer 0x138048000 message 303
1756383909.567220 open write file 2 -
1756383909.567240 sending message 305 to peer 0x138048000 (8 bytes)
1756383909.567251 write check file 2
1756383909.567288 peer 0x138048000 message 304
1756383909.567293 write 58 to file 2
1756383909.567299 peer 0x138048000 message 203
1756383909.567304 file 2 58 bytes left
1756383909.567319 write check file 2
1756383909.567324 client loop exit
